<?xml version="1.0" encoding="UTF-8"?>
<testsuite xmlns:xsi="http://www.w3.org/2001/XMLSchema-instance" xsi:noNamespaceSchemaLocation="https://maven.apache.org/surefire/maven-failsafe-plugin/xsd/failsafe-test-report.xsd" version="3.0.2" name="com.featureflag.scenario.AllScenariosIT" time="10.185" tests="16" errors="0" skipped="0" failures="0">
  <properties>
[...]
</properties>
  <testcase name="e1_setupApplicationAndFlags" classname="com.featureflag.scenario.AllScenariosIT" time="0.518">
    <system-out><![CDATA[2026-06-22 19:16:55,117 INFO  [org.tes.ima.PullPolicy] (main) Image pull policy will be performed by: DefaultPullPolicy()
2026-06-22 19:16:55,129 INFO  [org.tes.uti.ImageNameSubstitutor] (main) Image name substitution will be performed by: DefaultImageNameSubstitutor (composite of 'ConfigurationFileImageNameSubstitutor' and 'PrefixingImageNameSubstitutor')
2026-06-22 19:16:55,164 INFO  [org.tes.DockerClientFactory] (main) Testcontainers version: 1.20.4
2026-06-22 19:16:55,463 INFO  [org.tes.doc.DockerClientProviderStrategy] (main) Loaded org.testcontainers.dockerclient.UnixSocketClientProviderStrategy from ~/.testcontainers.properties, will try it first
2026-06-22 19:16:55,746 INFO  [org.tes.doc.DockerClientProviderStrategy] (main) Found Docker environment with local Unix socket (unix:///var/run/docker.sock)
2026-06-22 19:16:55,747 INFO  [org.tes.DockerClientFactory] (main) Docker host IP address is localhost
2026-06-22 19:16:55,779 INFO  [org.tes.DockerClientFactory] (main) Connected to docker: 
  Server Version: 24.0.2
  API Version: 1.43
  Operating System: Docker Desktop
  Total Memory: 15987 MB
2026-06-22 19:16:55,821 INFO  [tc.tes.11.0] (main) Creating container for image: testcontainers/ryuk:0.11.0
2026-06-22 19:16:56,156 INFO  [org.tes.uti.RegistryAuthLocator] (main) Credential helper/store (docker-credential-desktop) does not have credentials for https://index.docker.io/v1/
2026-06-22 19:16:56,275 INFO  [tc.tes.11.0] (main) Container testcontainers/ryuk:0.11.0 is starting: 8b4feb84d575b851b0ff74c2dec98720fb0a4f5a89d5645fa5dcd236c573e94a
2026-06-22 19:16:56,736 INFO  [tc.tes.11.0] (main) Container testcontainers/ryuk:0.11.0 started in PT0.914583S
2026-06-22 19:16:56,742 INFO  [org.tes.uti.RyukResourceReaper] (main) Ryuk started - will monitor and terminate Testcontainers containers on JVM exit
2026-06-22 19:16:56,743 INFO  [org.tes.DockerClientFactory] (main) Checking the system...
2026-06-22 19:16:56,744 INFO  [org.tes.DockerClientFactory] (main) ✔︎ Docker server version should be at least 1.6.0
2026-06-22 19:16:56,744 INFO  [tc.postgres:16-alpine] (main) Creating container for image: postgres:16-alpine
2026-06-22 19:16:56,786 INFO  [tc.postgres:16-alpine] (main) Container postgres:16-alpine is starting: e011bbe3c328056920b521124432f78c7e4ff48ecbbabe12840cd84c852a7f88
2026-06-22 19:16:58,422 INFO  [tc.postgres:16-alpine] (main) Container postgres:16-alpine started in PT1.677568S
2026-06-22 19:16:58,422 INFO  [tc.postgres:16-alpine] (main) Container is started (JDBC URL: jdbc:postgresql://localhost:63065/feature_flags_test?loggerLevel=OFF)
]]></system-out>
  </testcase>
  <testcase name="e1_listFeatures" classname="com.featureflag.scenario.AllScenariosIT" time="0.072"/>
  <testcase name="e1_getFeatureByKey" classname="com.featureflag.scenario.AllScenariosIT" time="0.037"/>
  <testcase name="e2_missingHeaders_returns401" classname="com.featureflag.scenario.AllScenariosIT" time="0.019"/>
  <testcase name="e2_invalidToken_returns401" classname="com.featureflag.scenario.AllScenariosIT" time="0.012"/>
  <testcase name="e2_wrongAppName_returns401" classname="com.featureflag.scenario.AllScenariosIT" time="0.014"/>
  <testcase name="e3_setupApps" classname="com.featureflag.scenario.AllScenariosIT" time="0.145"/>
  <testcase name="e3_appASeesOnlyOwnFlags" classname="com.featureflag.scenario.AllScenariosIT" time="0.024"/>
  <testcase name="e3_appBCannotSeeAppAFlag" classname="com.featureflag.scenario.AllScenariosIT" time="0.017"/>
  <testcase name="e4_rotateToken_bothWork" classname="com.featureflag.scenario.AllScenariosIT" time="0.132"/>
  <testcase name="e5_revokeToken" classname="com.featureflag.scenario.AllScenariosIT" time="0.093"/>
  <testcase name="e6_adminCrudLifecycle" classname="com.featureflag.scenario.AllScenariosIT" time="0.204"/>
  <testcase name="e7_unauthenticatedAdmin_returns401" classname="com.featureflag.scenario.AllScenariosIT" time="0.009"/>
  <testcase name="e7_invalidLogin_returns401" classname="com.featureflag.scenario.AllScenariosIT" time="0.013"/>
  <testcase name="e7_healthUp" classname="com.featureflag.scenario.AllScenariosIT" time="0.013"/>
  <testcase name="e7_openapiAvailable" classname="com.featureflag.scenario.AllScenariosIT" time="0.139"/>
</testsuite>